<?xml version="1.0" encoding="UTF-8"?>
<testsuite name="UnitTest" tests="1" skipped="0" failures="0" errors="0" timestamp="2016-02-12T19:16:55" hostname="xanadus-MacBook-Air.local" time="0.002">
  <properties/>
  <testcase name="vowelReplacer_aEqualsDash_a" classname="UnitTest" time="0.002"/>
  <system-out><![CDATA[]]></system-out>
  <system-err><![CDATA[]]></system-err>
</testsuite>
