<?xml version="1.0" encoding="UTF-8"?>
<testsuite name="UnitTest" tests="3" skipped="0" failures="0" errors="0" timestamp="2016-02-19T07:01:52" hostname="xanadus-MacBook-Air.local" time="0.001">
  <properties/>
  <testcase name="vowelReplacer_bEqualsb_b" classname="UnitTest" time="0.0"/>
  <testcase name="vowelReplacer_aEqualsDash_a" classname="UnitTest" time="0.001"/>
  <testcase name="vowelReplacer_stringHasVowelsReplacedByDash_interesting" classname="UnitTest" time="0.0"/>
  <system-out><![CDATA[]]></system-out>
  <system-err><![CDATA[]]></system-err>
</testsuite>
