<?xml version="1.0" encoding="UTF-8"?>
<testsuite name="IntegrationTest" tests="2" skipped="0" failures="0" errors="0" timestamp="2016-02-19T07:01:52" hostname="xanadus-MacBook-Air.local" time="0.698">
  <properties/>
  <testcase name="resultsTest" classname="IntegrationTest" time="0.656"/>
  <testcase name="rootTest" classname="IntegrationTest" time="0.032"/>
  <system-out><![CDATA[]]></system-out>
  <system-err><![CDATA[[Thread-4] INFO spark.webserver.SparkServer - == Spark has ignited ...
[Thread-4] INFO spark.webserver.SparkServer - >> Listening on 0.0.0.0:4567
[Thread-4] INFO org.eclipse.jetty.server.Server - jetty-9.0.2.v20130417
[Thread-4] INFO org.eclipse.jetty.server.ServerConnector - Started ServerConnector@63498b{HTTP/1.1}{0.0.0.0:4567}
[Test worker] INFO spark.webserver.SparkServer - >>> Spark shutting down ...
[Test worker] INFO org.eclipse.jetty.server.Server - Graceful shutdown org.eclipse.jetty.server.Server@5e14c64 by 
[Test worker] INFO org.eclipse.jetty.server.ServerConnector - Stopped ServerConnector@63498b{HTTP/1.1}{0.0.0.0:4567}
[Test worker] INFO spark.webserver.SparkServer - done
]]></system-err>
</testsuite>
